Determining if the pthread_create exist failed with the following output:
Change Dir: /home/grosinov/Rosinov/Algoritmos2/ejercitacion_templates/cmake-build-debug/CMakeFiles/CMakeTmp

Run Build Command:"/usr/bin/make" "cmTC_67d69/fast"
/usr/bin/make -f CMakeFiles/cmTC_67d69.dir/build.make CMakeFiles/cmTC_67d69.dir/build
make[1]: se entra en el directorio '/home/grosinov/Rosinov/Algoritmos2/ejercitacion_templates/cmake-build-debug/CMakeFiles/CMakeTmp'
Building C object CMakeFiles/cmTC_67d69.dir/CheckSymbolExists.c.o
/usr/bin/cc    -o CMakeFiles/cmTC_67d69.dir/CheckSymbolExists.c.o   -c /home/grosinov/Rosinov/Algoritmos2/ejercitacion_templates/cmake-build-debug/CMakeFiles/CMakeTmp/CheckSymbolExists.c
Linking C executable cmTC_67d69
/opt/clion-2019.1/bin/cmake/linux/bin/cmake -E cmake_link_script CMakeFiles/cmTC_67d69.dir/link.txt --verbose=1
/usr/bin/cc      -rdynamic CMakeFiles/cmTC_67d69.dir/CheckSymbolExists.c.o  -o cmTC_67d69 
CMakeFiles/cmTC_67d69.dir/CheckSymbolExists.c.o: En la función `main':
CheckSymbolExists.c:(.text+0x1b): referencia a `pthread_create' sin definir
collect2: error: ld returned 1 exit status
CMakeFiles/cmTC_67d69.dir/build.make:86: recipe for target 'cmTC_67d69' failed
make[1]: *** [cmTC_67d69] Error 1
make[1]: se sale del directorio '/home/grosinov/Rosinov/Algoritmos2/ejercitacion_templates/cmake-build-debug/CMakeFiles/CMakeTmp'
Makefile:121: recipe for target 'cmTC_67d69/fast' failed
make: *** [cmTC_67d69/fast] Error 2

File /home/grosinov/Rosinov/Algoritmos2/ejercitacion_templates/cmake-build-debug/CMakeFiles/CMakeTmp/CheckSymbolExists.c:
/* */
#include <pthread.h>

int main(int argc, char** argv)
{
  (void)argv;
#ifndef pthread_create
  return ((int*)(&pthread_create))[argc];
#else
  (void)argc;
  return 0;
#endif
}

Determining if the function pthread_create exists in the pthreads failed with the following output:
Change Dir: /home/grosinov/Rosinov/Algoritmos2/ejercitacion_templates/cmake-build-debug/CMakeFiles/CMakeTmp

Run Build Command:"/usr/bin/make" "cmTC_0b51d/fast"
/usr/bin/make -f CMakeFiles/cmTC_0b51d.dir/build.make CMakeFiles/cmTC_0b51d.dir/build
make[1]: se entra en el directorio '/home/grosinov/Rosinov/Algoritmos2/ejercitacion_templates/cmake-build-debug/CMakeFiles/CMakeTmp'
Building C object CMakeFiles/cmTC_0b51d.dir/CheckFunctionExists.c.o
/usr/bin/cc   -DCHECK_FUNCTION_EXISTS=pthread_create   -o CMakeFiles/cmTC_0b51d.dir/CheckFunctionExists.c.o   -c /opt/clion-2019.1/bin/cmake/linux/share/cmake-3.13/Modules/CheckFunctionExists.c
Linking C executable cmTC_0b51d
/opt/clion-2019.1/bin/cmake/linux/bin/cmake -E cmake_link_script CMakeFiles/cmTC_0b51d.dir/link.txt --verbose=1
/usr/bin/cc  -DCHECK_FUNCTION_EXISTS=pthread_create    -rdynamic CMakeFiles/cmTC_0b51d.dir/CheckFunctionExists.c.o  -o cmTC_0b51d -lpthreads 
/usr/bin/ld: no se puede encontrar -lpthreads
collect2: error: ld returned 1 exit status
CMakeFiles/cmTC_0b51d.dir/build.make:86: recipe for target 'cmTC_0b51d' failed
make[1]: *** [cmTC_0b51d] Error 1
make[1]: se sale del directorio '/home/grosinov/Rosinov/Algoritmos2/ejercitacion_templates/cmake-build-debug/CMakeFiles/CMakeTmp'
Makefile:121: recipe for target 'cmTC_0b51d/fast' failed
make: *** [cmTC_0b51d/fast] Error 2


